<?xml version="1.0" encoding="UTF-8"?>
<!-- Generated by org.testng.reporters.JUnitXMLReporter -->
<testsuite ignored="0" hostname="AIPL6458LT14035" failures="1" tests="3" name="Default test" time="29.499" errors="0" timestamp="2023-01-14T20:26:27 IST">
  <testcase classname="io.cucumber.testng.AbstractTestNGCucumberTests" name="runScenario" time="10.557"/>
  <testcase classname="io.cucumber.testng.AbstractTestNGCucumberTests" name="runScenario" time="9.197">
    <failure type="java.lang.AssertionError" message="expected [No data] but found [Beetroot]">
      <![CDATA[java.lang.AssertionError: expected [No data] but found [Beetroot]
at org.testng.Assert.fail(Assert.java:110)
at org.testng.Assert.failNotEquals(Assert.java:1413)
at org.testng.Assert.assertEqualsImpl(Assert.java:149)
at org.testng.Assert.assertEquals(Assert.java:131)
at org.testng.Assert.assertEquals(Assert.java:655)
at org.testng.Assert.assertEquals(Assert.java:665)
at stepDefinitions.OfferPageStepDefinition.compareProductNames(OfferPageStepDefinition.java:62)
at stepDefinitions.OfferPageStepDefinition.user_searched_for_same_product_shortname_in_offers_page_and_check_if_the_product_exists(OfferPageStepDefinition.java:47)
at ✽.User searched for same product shortname BEET in offers page and check if the product exists(file:///D:/User/hchandrasekaran/eclipse-workspace/Automation_TestNG/src/test/java/Features/searchProduct.feature:25)
]]>
    </failure>
  </testcase> <!-- runScenario -->
  <testcase classname="io.cucumber.testng.AbstractTestNGCucumberTests" name="runScenario" time="8.898"/>
</testsuite> <!-- Default test -->
