<?xml version="1.0" encoding="UTF-8"?>
<!-- Generated by org.testng.reporters.JUnitReportReporter -->
<testsuite hostname="AIPL6458LT14035" failures="1" tests="3" name="cucumberOptions.testNGRunner" time="43.603" errors="0" timestamp="2023-01-16T15:58:57 IST" skipped="0">
  <testcase classname="cucumberOptions.testNGRunner" name="runScenario" time="14.580"/>
  <system-out/>
  <testcase classname="cucumberOptions.testNGRunner" name="runScenario" time="14.612"/>
  <system-out/>
  <testcase classname="cucumberOptions.testNGRunner" name="runScenario" time="14.411">
    <failure message="expected [No data] but found [Beetroot]" type="java.lang.AssertionError">
      <![CDATA[java.lang.AssertionError: expected [No data] but found [Beetroot]
at org.testng.Assert.fail(Assert.java:110)
at org.testng.Assert.failNotEquals(Assert.java:1413)
at org.testng.Assert.assertEqualsImpl(Assert.java:149)
at org.testng.Assert.assertEquals(Assert.java:131)
at org.testng.Assert.assertEquals(Assert.java:655)
at org.testng.Assert.assertEquals(Assert.java:665)
at stepDefinitions.OfferPageStepDefinition.compareProductNames(OfferPageStepDefinition.java:62)
at stepDefinitions.OfferPageStepDefinition.user_searched_for_same_product_shortname_in_offers_page_and_check_if_the_product_exists(OfferPageStepDefinition.java:47)
at ✽.User searched for same product shortname BEET in offers page and check if the product exists(file:///D:/User/hchandrasekaran/eclipse-workspace/Automation_TestNG/src/test/java/Features/searchProduct.feature:25)
]]>
    </failure>
  </testcase> <!-- runScenario -->
  <system-out/>
</testsuite> <!-- cucumberOptions.testNGRunner -->
